2025-08-07T00:03:02.554+02:00 DEBUG 11844 --- [cosechaencope] [http-nio-8081-exec-10] o.s.security.web.FilterChainProxy        : Securing GET /cosechaencope/articulos/articulos
2025-08-07T00:03:02.554+02:00 DEBUG 11844 --- [cosechaencope] [http-nio-8081-exec-9] o.s.security.web.FilterChainProxy        : Securing GET /cosechaencope/articulos/categorias
2025-08-07T00:03:02.564+02:00 DEBUG 11844 --- [cosechaencope] [http-nio-8081-exec-8] o.s.security.web.FilterChainProxy        : Securing GET /cosechaencope/articulos/articulos/organicos
2025-08-07T00:03:02.564+02:00 DEBUG 11844 --- [cosechaencope] [http-nio-8081-exec-7] o.s.security.web.FilterChainProxy        : Securing GET /cosechaencope/articulos/articulos/destacados
2025-08-07T00:03:02.564+02:00 DEBUG 11844 --- [cosechaencope] [http-nio-8081-exec-6] o.s.security.web.FilterChainProxy        : Securing GET /cosechaencope/articulos/articulos/temporales?mes=8
2025-08-07T00:03:02.567+02:00 DEBUG 11844 --- [cosechaencope] [http-nio-8081-exec-7] o.s.s.w.a.AnonymousAuthenticationFilter  : Set SecurityContextHolder to anonymous SecurityContext
2025-08-07T00:03:02.567+02:00 DEBUG 11844 --- [cosechaencope] [http-nio-8081-exec-6] o.s.s.w.a.AnonymousAuthenticationFilter  : Set SecurityContextHolder to anonymous SecurityContext
2025-08-07T00:03:02.567+02:00 DEBUG 11844 --- [cosechaencope] [http-nio-8081-exec-10] o.s.s.w.a.AnonymousAuthenticationFilter  : Set SecurityContextHolder to anonymous SecurityContext
2025-08-07T00:03:02.567+02:00 DEBUG 11844 --- [cosechaencope] [http-nio-8081-exec-8] o.s.s.w.a.AnonymousAuthenticationFilter  : Set SecurityContextHolder to anonymous SecurityContext
2025-08-07T00:03:02.567+02:00 DEBUG 11844 --- [cosechaencope] [http-nio-8081-exec-9] o.s.s.w.a.AnonymousAuthenticationFilter  : Set SecurityContextHolder to anonymous SecurityContext
2025-08-07T00:03:02.594+02:00 ERROR 11844 --- [cosechaencope] [http-nio-8081-exec-7] c.r.c.security.AuthEntryPointJwt         : Error no autorizado: Full authentication is required to access this resource
2025-08-07T00:03:02.594+02:00 ERROR 11844 --- [cosechaencope] [http-nio-8081-exec-9] c.r.c.security.AuthEntryPointJwt         : Error no autorizado: Full authentication is required to access this resource
2025-08-07T00:03:02.594+02:00 ERROR 11844 --- [cosechaencope] [http-nio-8081-exec-8] c.r.c.security.AuthEntryPointJwt         : Error no autorizado: Full authentication is required to access this resource
2025-08-07T00:03:02.594+02:00 ERROR 11844 --- [cosechaencope] [http-nio-8081-exec-10] c.r.c.security.AuthEntryPointJwt         : Error no autorizado: Full authentication is required to access this resource
2025-08-07T00:03:02.594+02:00 ERROR 11844 --- [cosechaencope] [http-nio-8081-exec-6] c.r.c.security.AuthEntryPointJwt         : Error no autorizado: Full authentication is required to access this resource
2025-08-07T00:03:02.611+02:00 DEBUG 11844 --- [cosechaencope] [http-nio-8081-exec-7] o.s.security.web.FilterChainProxy        : Securing GET /error
2025-08-07T00:03:02.611+02:00 DEBUG 11844 --- [cosechaencope] [http-nio-8081-exec-9] o.s.security.web.FilterChainProxy        : Securing GET /error
2025-08-07T00:03:02.611+02:00 DEBUG 11844 --- [cosechaencope] [http-nio-8081-exec-6] o.s.security.web.FilterChainProxy        : Securing GET /error?mes=8
2025-08-07T00:03:02.611+02:00 DEBUG 11844 --- [cosechaencope] [http-nio-8081-exec-10] o.s.security.web.FilterChainProxy        : Securing GET /error
2025-08-07T00:03:02.611+02:00 DEBUG 11844 --- [cosechaencope] [http-nio-8081-exec-8] o.s.security.web.FilterChainProxy        : Securing GET /error
2025-08-07T00:03:02.612+02:00 DEBUG 11844 --- [cosechaencope] [http-nio-8081-exec-9] o.s.s.w.a.AnonymousAuthenticationFilter  : Set SecurityContextHolder to anonymous SecurityContext
2025-08-07T00:03:02.612+02:00 DEBUG 11844 --- [cosechaencope] [http-nio-8081-exec-7] o.s.s.w.a.AnonymousAuthenticationFilter  : Set SecurityContextHolder to anonymous SecurityContext
2025-08-07T00:03:02.612+02:00 DEBUG 11844 --- [cosechaencope] [http-nio-8081-exec-6] o.s.s.w.a.AnonymousAuthenticationFilter  : Set SecurityContextHolder to anonymous SecurityContext
2025-08-07T00:03:02.612+02:00 DEBUG 11844 --- [cosechaencope] [http-nio-8081-exec-10] o.s.s.w.a.AnonymousAuthenticationFilter  : Set SecurityContextHolder to anonymous SecurityContext
2025-08-07T00:03:02.612+02:00 DEBUG 11844 --- [cosechaencope] [http-nio-8081-exec-8] o.s.s.w.a.AnonymousAuthenticationFilter  : Set SecurityContextHolder to anonymous SecurityContext
2025-08-07T00:03:02.613+02:00 ERROR 11844 --- [cosechaencope] [http-nio-8081-exec-6] c.r.c.security.AuthEntryPointJwt         : Error no autorizado: Full authentication is required to access this resource
2025-08-07T00:03:02.613+02:00 ERROR 11844 --- [cosechaencope] [http-nio-8081-exec-8] c.r.c.security.AuthEntryPointJwt         : Error no autorizado: Full authentication is required to access this resource
2025-08-07T00:03:02.613+02:00 ERROR 11844 --- [cosechaencope] [http-nio-8081-exec-7] c.r.c.security.AuthEntryPointJwt         : Error no autorizado: Full authentication is required to access this resource
2025-08-07T00:03:02.613+02:00 ERROR 11844 --- [cosechaencope] [http-nio-8081-exec-9] c.r.c.security.AuthEntryPointJwt         : Error no autorizado: Full authentication is required to access this resource
2025-08-07T00:03:02.613+02:00 ERROR 11844 --- [cosechaencope] [http-nio-8081-exec-10] c.r.c.security.AuthEntryPointJwt         : Error no autorizado: Full authentication is required to access this resource
2025-08-07T00:03:02.615+02:00 DEBUG 11844 --- [cosechaencope] [http-nio-8081-exec-2] o.s.security.web.FilterChainProxy        : Securing GET /cosechaencope/articulos/articulos/destacados
2025-08-07T00:03:02.616+02:00 DEBUG 11844 --- [cosechaencope] [http-nio-8081-exec-2] o.s.s.w.a.AnonymousAuthenticationFilter  : Set SecurityContextHolder to anonymous SecurityContext
2025-08-07T00:03:02.616+02:00 ERROR 11844 --- [cosechaencope] [http-nio-8081-exec-2] c.r.c.security.AuthEntryPointJwt         : Error no autorizado: Full authentication is required to access this resource
2025-08-07T00:03:02.617+02:00 DEBUG 11844 --- [cosechaencope] [http-nio-8081-exec-2] o.s.security.web.FilterChainProxy        : Securing GET /error
2025-08-07T00:03:02.617+02:00 DEBUG 11844 --- [cosechaencope] [http-nio-8081-exec-2] o.s.s.w.a.AnonymousAuthenticationFilter  : Set SecurityContextHolder to anonymous SecurityContext
2025-08-07T00:03:02.617+02:00 ERROR 11844 --- [cosechaencope] [http-nio-8081-exec-2] c.r.c.security.AuthEntryPointJwt         : Error no autorizado: Full authentication is required to access this resource
2025-08-07T00:04:07.396+02:00 DEBUG 11844 --- [cosechaencope] [http-nio-8081-exec-6] o.s.security.web.FilterChainProxy        : Securing GET /cosechaencope/articulos/articulos
2025-08-07T00:04:07.397+02:00 DEBUG 11844 --- [cosechaencope] [http-nio-8081-exec-6] o.s.s.w.a.AnonymousAuthenticationFilter  : Set SecurityContextHolder to anonymous SecurityContext
2025-08-07T00:04:07.397+02:00 ERROR 11844 --- [cosechaencope] [http-nio-8081-exec-6] c.r.c.security.AuthEntryPointJwt         : Error no autorizado: Full authentication is required to access this resource
2025-08-07T00:04:07.398+02:00 DEBUG 11844 --- [cosechaencope] [http-nio-8081-exec-6] o.s.security.web.FilterChainProxy        : Securing GET /error
2025-08-07T00:04:07.399+02:00 DEBUG 11844 --- [cosechaencope] [http-nio-8081-exec-6] o.s.s.w.a.AnonymousAuthenticationFilter  : Set SecurityContextHolder to anonymous SecurityContext
2025-08-07T00:04:07.399+02:00 ERROR 11844 --- [cosechaencope] [http-nio-8081-exec-6] c.r.c.security.AuthEntryPointJwt         : Error no autorizado: Full authentication is required to access this resource
2025-08-07T00:04:15.735+02:00  INFO 5724 --- [cosechaencope] [main] c.r.c.CosechaencopeApplication           : Starting CosechaencopeApplication using Java 17.0.8 with PID 5724 (E:\FP GS DAM\2_DAM\TFG\cosechaencope\target\classes started by rlpmu in E:\FP GS DAM\2_DAM\TFG\cosechaencope)
2025-08-07T00:04:15.738+02:00  INFO 5724 --- [cosechaencope] [main] c.r.c.CosechaencopeApplication           : The following 1 profile is active: "prod"
2025-08-07T00:04:16.613+02:00  INFO 5724 --- [cosechaencope] [main] .s.d.r.c.RepositoryConfigurationDelegate : Bootstrapping Spring Data JPA repositories in DEFAULT mode.
2025-08-07T00:04:16.676+02:00  INFO 5724 --- [cosechaencope] [main] .s.d.r.c.RepositoryConfigurationDelegate : Finished Spring Data repository scanning in 56 ms. Found 11 JPA repository interfaces.
2025-08-07T00:04:17.221+02:00  INFO 5724 --- [cosechaencope] [main] o.s.b.w.embedded.tomcat.TomcatWebServer  : Tomcat initialized with port 8081 (http)
2025-08-07T00:04:17.236+02:00  INFO 5724 --- [cosechaencope] [main] o.apache.catalina.core.StandardService   : Starting service [Tomcat]
2025-08-07T00:04:17.237+02:00  INFO 5724 --- [cosechaencope] [main] o.apache.catalina.core.StandardEngine    : Starting Servlet engine: [Apache Tomcat/10.1.42]
2025-08-07T00:04:17.330+02:00  INFO 5724 --- [cosechaencope] [main] o.a.c.c.C.[Tomcat].[localhost].[/]       : Initializing Spring embedded WebApplicationContext
2025-08-07T00:04:17.331+02:00  INFO 5724 --- [cosechaencope] [main] w.s.c.ServletWebServerApplicationContext : Root WebApplicationContext: initialization completed in 1562 ms
2025-08-07T00:04:17.574+02:00  INFO 5724 --- [cosechaencope] [main] o.hibernate.jpa.internal.util.LogHelper  : HHH000204: Processing PersistenceUnitInfo [name: default]
2025-08-07T00:04:17.627+02:00  INFO 5724 --- [cosechaencope] [main] org.hibernate.Version                    : HHH000412: Hibernate ORM core version 6.6.18.Final
2025-08-07T00:04:17.662+02:00  INFO 5724 --- [cosechaencope] [main] o.h.c.internal.RegionFactoryInitiator    : HHH000026: Second-level cache disabled
2025-08-07T00:04:17.925+02:00  INFO 5724 --- [cosechaencope] [main] o.s.o.j.p.SpringPersistenceUnitInfo      : No LoadTimeWeaver setup: ignoring JPA class transformer
2025-08-07T00:04:17.955+02:00  INFO 5724 --- [cosechaencope] [main] com.zaxxer.hikari.HikariDataSource       : HikariPool-1 - Starting...
2025-08-07T00:04:18.103+02:00  INFO 5724 --- [cosechaencope] [main] com.zaxxer.hikari.pool.HikariPool        : HikariPool-1 - Added connection org.postgresql.jdbc.PgConnection@66716959
2025-08-07T00:04:18.104+02:00  INFO 5724 --- [cosechaencope] [main] com.zaxxer.hikari.HikariDataSource       : HikariPool-1 - Start completed.
2025-08-07T00:04:18.137+02:00  WARN 5724 --- [cosechaencope] [main] org.hibernate.orm.deprecation            : HHH90000025: PostgreSQLDialect does not need to be specified explicitly using 'hibernate.dialect' (remove the property setting and it will be selected by default)
2025-08-07T00:04:18.156+02:00  INFO 5724 --- [cosechaencope] [main] org.hibernate.orm.connections.pooling    : HHH10001005: Database info:
	Database JDBC URL [Connecting through datasource 'HikariDataSource (HikariPool-1)']
	Database driver: undefined/unknown
	Database version: 17.2
	Autocommit mode: undefined/unknown
	Isolation level: undefined/unknown
	Minimum pool size: undefined/unknown
	Maximum pool size: undefined/unknown
2025-08-07T00:04:18.938+02:00  INFO 5724 --- [cosechaencope] [main] o.h.e.t.j.p.i.JtaPlatformInitiator       : HHH000489: No JTA platform available (set 'hibernate.transaction.jta.platform' to enable JTA platform integration)
2025-08-07T00:04:19.514+02:00  INFO 5724 --- [cosechaencope] [main] j.LocalContainerEntityManagerFactoryBean : Initialized JPA EntityManagerFactory for persistence unit 'default'
2025-08-07T00:04:19.849+02:00 DEBUG 5724 --- [cosechaencope] [main] o.s.w.f.ServerHttpObservationFilter      : Filter 'webMvcObservationFilter' configured for use
2025-08-07T00:04:19.993+02:00  INFO 5724 --- [cosechaencope] [main] eAuthenticationProviderManagerConfigurer : Global AuthenticationManager configured with AuthenticationProvider bean with name authenticationProvider
2025-08-07T00:04:19.995+02:00  WARN 5724 --- [cosechaencope] [main] r$InitializeUserDetailsManagerConfigurer : Global AuthenticationManager configured with an AuthenticationProvider bean. UserDetailsService beans will not be used by Spring Security for automatically configuring username/password login. Consider removing the AuthenticationProvider bean. Alternatively, consider using the UserDetailsService in a manually instantiated DaoAuthenticationProvider. If the current configuration is intentional, to turn off this warning, increase the logging level of 'org.springframework.security.config.annotation.authentication.configuration.InitializeUserDetailsBeanManagerConfigurer' to ERROR
2025-08-07T00:04:20.228+02:00  INFO 5724 --- [cosechaencope] [main] o.s.d.j.r.query.QueryEnhancerFactory     : Hibernate is in classpath; If applicable, HQL parser will be used.
2025-08-07T00:04:20.887+02:00  WARN 5724 --- [cosechaencope] [main] JpaBaseConfiguration$JpaWebConfiguration : spring.jpa.open-in-view is enabled by default. Therefore, database queries may be performed during view rendering. Explicitly configure spring.jpa.open-in-view to disable this warning
2025-08-07T00:04:21.030+02:00 DEBUG 5724 --- [cosechaencope] [main] s.w.s.m.m.a.RequestMappingHandlerMapping : 38 mappings in 'requestMappingHandlerMapping'
2025-08-07T00:04:21.138+02:00 DEBUG 5724 --- [cosechaencope] [main] o.s.w.s.handler.SimpleUrlHandlerMapping  : Patterns [/webjars/**, /**, /swagger-ui*/*swagger-initializer.js, /swagger-ui*/**] in 'resourceHandlerMapping'
2025-08-07T00:04:21.309+02:00  INFO 5724 --- [cosechaencope] [main] o.s.b.a.e.web.EndpointLinksResolver      : Exposing 3 endpoints beneath base path '/actuator'
2025-08-07T00:04:21.393+02:00  INFO 5724 --- [cosechaencope] [main] c.r.cosechaencope.config.SecurityConfig  : Configurando seguridad HTTP
2025-08-07T00:04:21.418+02:00  WARN 5724 --- [cosechaencope] [main] thorizationManagerRequestMatcherRegistry : One of the patterns in [cosechaencope/**] is missing a leading slash. This is discouraged; please include the leading slash in all your request matcher patterns. In future versions of Spring Security, leaving out the leading slash will result in an exception.
2025-08-07T00:04:21.421+02:00  INFO 5724 --- [cosechaencope] [main] c.r.cosechaencope.config.SecurityConfig  : Configuración de seguridad HTTP completada
2025-08-07T00:04:21.442+02:00 DEBUG 5724 --- [cosechaencope] [main] o.s.s.web.DefaultSecurityFilterChain     : Will secure any request with filters: DisableEncodeUrlFilter, WebAsyncManagerIntegrationFilter, SecurityContextHolderFilter, HeaderWriterFilter, CorsFilter, LogoutFilter, AuthTokenFilter, RequestCacheAwareFilter, SecurityContextHolderAwareRequestFilter, AnonymousAuthenticationFilter, SessionManagementFilter, ExceptionTranslationFilter, AuthorizationFilter
2025-08-07T00:04:21.506+02:00 DEBUG 5724 --- [cosechaencope] [main] s.w.s.m.m.a.RequestMappingHandlerAdapter : ControllerAdvice beans: 0 @ModelAttribute, 0 @InitBinder, 1 RequestBodyAdvice, 1 ResponseBodyAdvice
2025-08-07T00:04:21.544+02:00 DEBUG 5724 --- [cosechaencope] [main] .m.m.a.ExceptionHandlerExceptionResolver : ControllerAdvice beans: 2 @ExceptionHandler, 1 ResponseBodyAdvice
2025-08-07T00:04:21.862+02:00  INFO 5724 --- [cosechaencope] [main] o.s.b.w.embedded.tomcat.TomcatWebServer  : Tomcat started on port 8081 (http) with context path '/'
2025-08-07T00:04:21.878+02:00  INFO 5724 --- [cosechaencope] [main] c.r.c.CosechaencopeApplication           : Started CosechaencopeApplication in 6.509 seconds (process running for 6.903)
2025-08-07T00:04:24.706+02:00  INFO 5724 --- [cosechaencope] [RMI TCP Connection(2)-127.0.0.1] o.a.c.c.C.[Tomcat].[localhost].[/]       : Initializing Spring DispatcherServlet 'dispatcherServlet'
2025-08-07T00:04:24.707+02:00  INFO 5724 --- [cosechaencope] [RMI TCP Connection(2)-127.0.0.1] o.s.web.servlet.DispatcherServlet        : Initializing Servlet 'dispatcherServlet'
2025-08-07T00:04:24.707+02:00 DEBUG 5724 --- [cosechaencope] [RMI TCP Connection(2)-127.0.0.1] o.s.web.servlet.DispatcherServlet        : Detected StandardServletMultipartResolver
2025-08-07T00:04:24.707+02:00 DEBUG 5724 --- [cosechaencope] [RMI TCP Connection(2)-127.0.0.1] o.s.web.servlet.DispatcherServlet        : Detected AcceptHeaderLocaleResolver
2025-08-07T00:04:24.707+02:00 DEBUG 5724 --- [cosechaencope] [RMI TCP Connection(2)-127.0.0.1] o.s.web.servlet.DispatcherServlet        : Detected FixedThemeResolver
2025-08-07T00:04:24.708+02:00 DEBUG 5724 --- [cosechaencope] [RMI TCP Connection(2)-127.0.0.1] o.s.web.servlet.DispatcherServlet        : Detected org.springframework.web.servlet.view.DefaultRequestToViewNameTranslator@460fe6e3
2025-08-07T00:04:24.709+02:00 DEBUG 5724 --- [cosechaencope] [RMI TCP Connection(2)-127.0.0.1] o.s.web.servlet.DispatcherServlet        : Detected org.springframework.web.servlet.support.SessionFlashMapManager@26ac8501
2025-08-07T00:04:24.709+02:00 DEBUG 5724 --- [cosechaencope] [RMI TCP Connection(2)-127.0.0.1] o.s.web.servlet.DispatcherServlet        : enableLoggingRequestDetails='false': request parameters and headers will be masked to prevent unsafe logging of potentially sensitive data
2025-08-07T00:04:24.710+02:00  INFO 5724 --- [cosechaencope] [RMI TCP Connection(2)-127.0.0.1] o.s.web.servlet.DispatcherServlet        : Completed initialization in 2 ms
2025-08-07T07:34:49.493+02:00  INFO 16612 --- [cosechaencope] [main] c.r.c.CosechaencopeApplication           : Starting CosechaencopeApplication using Java 17.0.8 with PID 16612 (E:\FP GS DAM\2_DAM\TFG\cosechaencope\target\classes started by rlpmu in E:\FP GS DAM\2_DAM\TFG\cosechaencope)
2025-08-07T07:34:49.495+02:00  INFO 16612 --- [cosechaencope] [main] c.r.c.CosechaencopeApplication           : The following 1 profile is active: "prod"
2025-08-07T07:34:50.406+02:00  INFO 16612 --- [cosechaencope] [main] .s.d.r.c.RepositoryConfigurationDelegate : Bootstrapping Spring Data JPA repositories in DEFAULT mode.
2025-08-07T07:34:50.482+02:00  INFO 16612 --- [cosechaencope] [main] .s.d.r.c.RepositoryConfigurationDelegate : Finished Spring Data repository scanning in 68 ms. Found 11 JPA repository interfaces.
2025-08-07T07:34:51.001+02:00  INFO 16612 --- [cosechaencope] [main] o.s.b.w.embedded.tomcat.TomcatWebServer  : Tomcat initialized with port 8081 (http)
2025-08-07T07:34:51.018+02:00  INFO 16612 --- [cosechaencope] [main] o.apache.catalina.core.StandardService   : Starting service [Tomcat]
2025-08-07T07:34:51.019+02:00  INFO 16612 --- [cosechaencope] [main] o.apache.catalina.core.StandardEngine    : Starting Servlet engine: [Apache Tomcat/10.1.42]
2025-08-07T07:34:51.095+02:00  INFO 16612 --- [cosechaencope] [main] o.a.c.c.C.[Tomcat].[localhost].[/]       : Initializing Spring embedded WebApplicationContext
2025-08-07T07:34:51.096+02:00  INFO 16612 --- [cosechaencope] [main] w.s.c.ServletWebServerApplicationContext : Root WebApplicationContext: initialization completed in 1571 ms
2025-08-07T07:34:51.340+02:00  INFO 16612 --- [cosechaencope] [main] o.hibernate.jpa.internal.util.LogHelper  : HHH000204: Processing PersistenceUnitInfo [name: default]
2025-08-07T07:34:51.392+02:00  INFO 16612 --- [cosechaencope] [main] org.hibernate.Version                    : HHH000412: Hibernate ORM core version 6.6.18.Final
2025-08-07T07:34:51.440+02:00  INFO 16612 --- [cosechaencope] [main] o.h.c.internal.RegionFactoryInitiator    : HHH000026: Second-level cache disabled
2025-08-07T07:34:51.713+02:00  INFO 16612 --- [cosechaencope] [main] o.s.o.j.p.SpringPersistenceUnitInfo      : No LoadTimeWeaver setup: ignoring JPA class transformer
2025-08-07T07:34:51.736+02:00  INFO 16612 --- [cosechaencope] [main] com.zaxxer.hikari.HikariDataSource       : HikariPool-1 - Starting...
2025-08-07T07:34:51.876+02:00  INFO 16612 --- [cosechaencope] [main] com.zaxxer.hikari.pool.HikariPool        : HikariPool-1 - Added connection org.postgresql.jdbc.PgConnection@6a116354
2025-08-07T07:34:51.877+02:00  INFO 16612 --- [cosechaencope] [main] com.zaxxer.hikari.HikariDataSource       : HikariPool-1 - Start completed.
2025-08-07T07:34:51.919+02:00  WARN 16612 --- [cosechaencope] [main] org.hibernate.orm.deprecation            : HHH90000025: PostgreSQLDialect does not need to be specified explicitly using 'hibernate.dialect' (remove the property setting and it will be selected by default)
2025-08-07T07:34:51.939+02:00  INFO 16612 --- [cosechaencope] [main] org.hibernate.orm.connections.pooling    : HHH10001005: Database info:
	Database JDBC URL [Connecting through datasource 'HikariDataSource (HikariPool-1)']
	Database driver: undefined/unknown
	Database version: 17.2
	Autocommit mode: undefined/unknown
	Isolation level: undefined/unknown
	Minimum pool size: undefined/unknown
	Maximum pool size: undefined/unknown
2025-08-07T07:34:52.916+02:00  INFO 16612 --- [cosechaencope] [main] o.h.e.t.j.p.i.JtaPlatformInitiator       : HHH000489: No JTA platform available (set 'hibernate.transaction.jta.platform' to enable JTA platform integration)
2025-08-07T07:34:53.528+02:00  INFO 16612 --- [cosechaencope] [main] j.LocalContainerEntityManagerFactoryBean : Initialized JPA EntityManagerFactory for persistence unit 'default'
2025-08-07T07:34:53.790+02:00 DEBUG 16612 --- [cosechaencope] [main] o.s.w.f.ServerHttpObservationFilter      : Filter 'webMvcObservationFilter' configured for use
2025-08-07T07:34:53.895+02:00  INFO 16612 --- [cosechaencope] [main] eAuthenticationProviderManagerConfigurer : Global AuthenticationManager configured with AuthenticationProvider bean with name authenticationProvider
2025-08-07T07:34:53.897+02:00  WARN 16612 --- [cosechaencope] [main] r$InitializeUserDetailsManagerConfigurer : Global AuthenticationManager configured with an AuthenticationProvider bean. UserDetailsService beans will not be used by Spring Security for automatically configuring username/password login. Consider removing the AuthenticationProvider bean. Alternatively, consider using the UserDetailsService in a manually instantiated DaoAuthenticationProvider. If the current configuration is intentional, to turn off this warning, increase the logging level of 'org.springframework.security.config.annotation.authentication.configuration.InitializeUserDetailsBeanManagerConfigurer' to ERROR
2025-08-07T07:34:54.154+02:00  INFO 16612 --- [cosechaencope] [main] o.s.d.j.r.query.QueryEnhancerFactory     : Hibernate is in classpath; If applicable, HQL parser will be used.
2025-08-07T07:34:54.861+02:00  WARN 16612 --- [cosechaencope] [main] JpaBaseConfiguration$JpaWebConfiguration : spring.jpa.open-in-view is enabled by default. Therefore, database queries may be performed during view rendering. Explicitly configure spring.jpa.open-in-view to disable this warning
2025-08-07T07:34:55.005+02:00 DEBUG 16612 --- [cosechaencope] [main] s.w.s.m.m.a.RequestMappingHandlerMapping : 38 mappings in 'requestMappingHandlerMapping'
2025-08-07T07:34:55.120+02:00 DEBUG 16612 --- [cosechaencope] [main] o.s.w.s.handler.SimpleUrlHandlerMapping  : Patterns [/webjars/**, /**, /swagger-ui*/*swagger-initializer.js, /swagger-ui*/**] in 'resourceHandlerMapping'
2025-08-07T07:34:55.284+02:00  INFO 16612 --- [cosechaencope] [main] o.s.b.a.e.web.EndpointLinksResolver      : Exposing 3 endpoints beneath base path '/actuator'
2025-08-07T07:34:55.352+02:00  INFO 16612 --- [cosechaencope] [main] c.r.cosechaencope.config.SecurityConfig  : Configurando seguridad HTTP
2025-08-07T07:34:55.390+02:00  WARN 16612 --- [cosechaencope] [main] thorizationManagerRequestMatcherRegistry : One of the patterns in [cosechaencope/**] is missing a leading slash. This is discouraged; please include the leading slash in all your request matcher patterns. In future versions of Spring Security, leaving out the leading slash will result in an exception.
2025-08-07T07:34:55.393+02:00  INFO 16612 --- [cosechaencope] [main] c.r.cosechaencope.config.SecurityConfig  : Configuración de seguridad HTTP completada
2025-08-07T07:34:55.424+02:00 DEBUG 16612 --- [cosechaencope] [main] o.s.s.web.DefaultSecurityFilterChain     : Will secure any request with filters: DisableEncodeUrlFilter, WebAsyncManagerIntegrationFilter, SecurityContextHolderFilter, HeaderWriterFilter, CorsFilter, LogoutFilter, AuthTokenFilter, RequestCacheAwareFilter, SecurityContextHolderAwareRequestFilter, AnonymousAuthenticationFilter, SessionManagementFilter, ExceptionTranslationFilter, AuthorizationFilter
2025-08-07T07:34:55.502+02:00 DEBUG 16612 --- [cosechaencope] [main] s.w.s.m.m.a.RequestMappingHandlerAdapter : ControllerAdvice beans: 0 @ModelAttribute, 0 @InitBinder, 1 RequestBodyAdvice, 1 ResponseBodyAdvice
2025-08-07T07:34:55.546+02:00 DEBUG 16612 --- [cosechaencope] [main] .m.m.a.ExceptionHandlerExceptionResolver : ControllerAdvice beans: 2 @ExceptionHandler, 1 ResponseBodyAdvice
2025-08-07T07:34:55.870+02:00  INFO 16612 --- [cosechaencope] [main] o.s.b.w.embedded.tomcat.TomcatWebServer  : Tomcat started on port 8081 (http) with context path '/'
2025-08-07T07:34:55.886+02:00  INFO 16612 --- [cosechaencope] [main] c.r.c.CosechaencopeApplication           : Started CosechaencopeApplication in 6.758 seconds (process running for 7.165)
2025-08-07T07:34:58.463+02:00  INFO 16612 --- [cosechaencope] [RMI TCP Connection(2)-127.0.0.1] o.a.c.c.C.[Tomcat].[localhost].[/]       : Initializing Spring DispatcherServlet 'dispatcherServlet'
2025-08-07T07:34:58.464+02:00  INFO 16612 --- [cosechaencope] [RMI TCP Connection(2)-127.0.0.1] o.s.web.servlet.DispatcherServlet        : Initializing Servlet 'dispatcherServlet'
2025-08-07T07:34:58.464+02:00 DEBUG 16612 --- [cosechaencope] [RMI TCP Connection(2)-127.0.0.1] o.s.web.servlet.DispatcherServlet        : Detected StandardServletMultipartResolver
2025-08-07T07:34:58.464+02:00 DEBUG 16612 --- [cosechaencope] [RMI TCP Connection(2)-127.0.0.1] o.s.web.servlet.DispatcherServlet        : Detected AcceptHeaderLocaleResolver
2025-08-07T07:34:58.464+02:00 DEBUG 16612 --- [cosechaencope] [RMI TCP Connection(2)-127.0.0.1] o.s.web.servlet.DispatcherServlet        : Detected FixedThemeResolver
2025-08-07T07:34:58.466+02:00 DEBUG 16612 --- [cosechaencope] [RMI TCP Connection(2)-127.0.0.1] o.s.web.servlet.DispatcherServlet        : Detected org.springframework.web.servlet.view.DefaultRequestToViewNameTranslator@6080230a
2025-08-07T07:34:58.466+02:00 DEBUG 16612 --- [cosechaencope] [RMI TCP Connection(2)-127.0.0.1] o.s.web.servlet.DispatcherServlet        : Detected org.springframework.web.servlet.support.SessionFlashMapManager@1821e3f2
2025-08-07T07:34:58.466+02:00 DEBUG 16612 --- [cosechaencope] [RMI TCP Connection(2)-127.0.0.1] o.s.web.servlet.DispatcherServlet        : enableLoggingRequestDetails='false': request parameters and headers will be masked to prevent unsafe logging of potentially sensitive data
2025-08-07T07:34:58.467+02:00  INFO 16612 --- [cosechaencope] [RMI TCP Connection(2)-127.0.0.1] o.s.web.servlet.DispatcherServlet        : Completed initialization in 3 ms
2025-08-07T09:34:26.749+02:00 DEBUG 16612 --- [cosechaencope] [http-nio-8081-exec-3] o.s.security.web.FilterChainProxy        : Securing GET /cosechaencope/articulos
2025-08-07T09:34:26.757+02:00 DEBUG 16612 --- [cosechaencope] [http-nio-8081-exec-3] o.s.s.w.a.AnonymousAuthenticationFilter  : Set SecurityContextHolder to anonymous SecurityContext
2025-08-07T09:34:26.763+02:00 DEBUG 16612 --- [cosechaencope] [http-nio-8081-exec-3] o.s.security.web.FilterChainProxy        : Secured GET /cosechaencope/articulos
2025-08-07T09:34:26.765+02:00 DEBUG 16612 --- [cosechaencope] [http-nio-8081-exec-3] o.s.web.servlet.DispatcherServlet        : GET "/cosechaencope/articulos", parameters={}
2025-08-07T09:34:26.767+02:00 DEBUG 16612 --- [cosechaencope] [http-nio-8081-exec-3] s.w.s.m.m.a.RequestMappingHandlerMapping : Mapped to com.rlp.cosechaencope.controller.ArticuloController#obtenerTodosLosArticulos()
2025-08-07T09:34:26.775+02:00  INFO 16612 --- [cosechaencope] [http-nio-8081-exec-3] c.r.c.service.ArticuloService            : Obteniendo todos los artículos
2025-08-07T09:34:26.830+02:00 DEBUG 16612 --- [cosechaencope] [http-nio-8081-exec-3] o.s.w.s.m.m.a.HttpEntityMethodProcessor  : Using 'application/json', given [*/*] and supported [application/json, application/*+json, application/yaml]
2025-08-07T09:34:26.835+02:00 DEBUG 16612 --- [cosechaencope] [http-nio-8081-exec-3] o.s.w.s.m.m.a.HttpEntityMethodProcessor  : Writing [[ArticuloResponse(idArticulo=1, nombre=Tomate Orgánico, descripcion=Tomate cultivado sin pesticidas  (truncated)...]
2025-08-07T09:34:26.850+02:00 DEBUG 16612 --- [cosechaencope] [http-nio-8081-exec-3] o.s.web.servlet.DispatcherServlet        : Completed 200 OK
2025-08-07T10:05:16.369+02:00 DEBUG 16612 --- [cosechaencope] [http-nio-8081-exec-5] o.s.security.web.FilterChainProxy        : Securing GET /cosechaencope/articulos
2025-08-07T10:05:16.370+02:00 DEBUG 16612 --- [cosechaencope] [http-nio-8081-exec-5] o.s.s.w.a.AnonymousAuthenticationFilter  : Set SecurityContextHolder to anonymous SecurityContext
2025-08-07T10:05:16.371+02:00 DEBUG 16612 --- [cosechaencope] [http-nio-8081-exec-5] o.s.security.web.FilterChainProxy        : Secured GET /cosechaencope/articulos
2025-08-07T10:05:16.371+02:00 DEBUG 16612 --- [cosechaencope] [http-nio-8081-exec-5] o.s.web.servlet.DispatcherServlet        : GET "/cosechaencope/articulos", parameters={}
2025-08-07T10:05:16.372+02:00 DEBUG 16612 --- [cosechaencope] [http-nio-8081-exec-5] s.w.s.m.m.a.RequestMappingHandlerMapping : Mapped to com.rlp.cosechaencope.controller.ArticuloController#obtenerTodosLosArticulos()
2025-08-07T10:05:16.372+02:00  INFO 16612 --- [cosechaencope] [http-nio-8081-exec-5] c.r.c.service.ArticuloService            : Obteniendo todos los artículos
2025-08-07T10:05:16.381+02:00 DEBUG 16612 --- [cosechaencope] [http-nio-8081-exec-5] o.s.w.s.m.m.a.HttpEntityMethodProcessor  : Using 'application/json', given [*/*] and supported [application/json, application/*+json, application/yaml]
2025-08-07T10:05:16.381+02:00 DEBUG 16612 --- [cosechaencope] [http-nio-8081-exec-5] o.s.w.s.m.m.a.HttpEntityMethodProcessor  : Writing [[ArticuloResponse(idArticulo=1, nombre=Tomate Orgánico, descripcion=Tomate cultivado sin pesticidas  (truncated)...]
2025-08-07T10:05:16.382+02:00 DEBUG 16612 --- [cosechaencope] [http-nio-8081-exec-5] o.s.web.servlet.DispatcherServlet        : Completed 200 OK
2025-08-07T10:05:37.042+02:00 DEBUG 16612 --- [cosechaencope] [http-nio-8081-exec-6] o.s.security.web.FilterChainProxy        : Securing GET /cosechaencope/usuarios/articulos
2025-08-07T10:05:37.065+02:00 ERROR 16612 --- [cosechaencope] [http-nio-8081-exec-6] c.rlp.cosechaencope.security.JwtUtils    : Token JWT expirado: JWT expired at 2025-08-07T07:02:56Z. Current time: 2025-08-07T08:05:37Z, a difference of 3761065 milliseconds.  Allowed clock skew: 0 milliseconds.
2025-08-07T10:05:37.066+02:00 DEBUG 16612 --- [cosechaencope] [http-nio-8081-exec-6] o.s.s.w.a.AnonymousAuthenticationFilter  : Set SecurityContextHolder to anonymous SecurityContext
2025-08-07T10:05:37.071+02:00 ERROR 16612 --- [cosechaencope] [http-nio-8081-exec-6] c.r.c.security.AuthEntryPointJwt         : Error no autorizado: Full authentication is required to access this resource
2025-08-07T10:05:37.076+02:00 DEBUG 16612 --- [cosechaencope] [http-nio-8081-exec-6] o.s.security.web.FilterChainProxy        : Securing GET /error
2025-08-07T10:05:37.077+02:00 DEBUG 16612 --- [cosechaencope] [http-nio-8081-exec-6] o.s.s.w.a.AnonymousAuthenticationFilter  : Set SecurityContextHolder to anonymous SecurityContext
2025-08-07T10:05:37.078+02:00 ERROR 16612 --- [cosechaencope] [http-nio-8081-exec-6] c.r.c.security.AuthEntryPointJwt         : Error no autorizado: Full authentication is required to access this resource
2025-08-07T10:06:50.617+02:00 DEBUG 16612 --- [cosechaencope] [http-nio-8081-exec-9] o.s.security.web.FilterChainProxy        : Securing GET /cosechaencope/articulos
2025-08-07T10:06:50.618+02:00 DEBUG 16612 --- [cosechaencope] [http-nio-8081-exec-9] o.s.s.w.a.AnonymousAuthenticationFilter  : Set SecurityContextHolder to anonymous SecurityContext
2025-08-07T10:06:50.618+02:00 DEBUG 16612 --- [cosechaencope] [http-nio-8081-exec-9] o.s.security.web.FilterChainProxy        : Secured GET /cosechaencope/articulos
2025-08-07T10:06:50.618+02:00 DEBUG 16612 --- [cosechaencope] [http-nio-8081-exec-9] o.s.web.servlet.DispatcherServlet        : GET "/cosechaencope/articulos", parameters={}
2025-08-07T10:06:50.619+02:00 DEBUG 16612 --- [cosechaencope] [http-nio-8081-exec-9] s.w.s.m.m.a.RequestMappingHandlerMapping : Mapped to com.rlp.cosechaencope.controller.ArticuloController#obtenerTodosLosArticulos()
2025-08-07T10:06:50.619+02:00  INFO 16612 --- [cosechaencope] [http-nio-8081-exec-9] c.r.c.service.ArticuloService            : Obteniendo todos los artículos
2025-08-07T10:06:50.623+02:00 DEBUG 16612 --- [cosechaencope] [http-nio-8081-exec-9] o.s.w.s.m.m.a.HttpEntityMethodProcessor  : Using 'application/json', given [*/*] and supported [application/json, application/*+json, application/yaml]
2025-08-07T10:06:50.624+02:00 DEBUG 16612 --- [cosechaencope] [http-nio-8081-exec-9] o.s.w.s.m.m.a.HttpEntityMethodProcessor  : Writing [[ArticuloResponse(idArticulo=1, nombre=Tomate Orgánico, descripcion=Tomate cultivado sin pesticidas  (truncated)...]
2025-08-07T10:06:50.625+02:00 DEBUG 16612 --- [cosechaencope] [http-nio-8081-exec-9] o.s.web.servlet.DispatcherServlet        : Completed 200 OK
2025-08-07T11:49:12.123+02:00  INFO 10004 --- [cosechaencope] [main] c.r.c.CosechaencopeApplication           : Starting CosechaencopeApplication using Java 17.0.8 with PID 10004 (E:\FP GS DAM\2_DAM\TFG\cosechaencope\target\classes started by rlpmu in E:\FP GS DAM\2_DAM\TFG\cosechaencope)
2025-08-07T11:49:12.125+02:00  INFO 10004 --- [cosechaencope] [main] c.r.c.CosechaencopeApplication           : The following 1 profile is active: "prod"
2025-08-07T11:49:13.101+02:00  INFO 10004 --- [cosechaencope] [main] .s.d.r.c.RepositoryConfigurationDelegate : Bootstrapping Spring Data JPA repositories in DEFAULT mode.
2025-08-07T11:49:13.170+02:00  INFO 10004 --- [cosechaencope] [main] .s.d.r.c.RepositoryConfigurationDelegate : Finished Spring Data repository scanning in 62 ms. Found 11 JPA repository interfaces.
2025-08-07T11:49:13.704+02:00  INFO 10004 --- [cosechaencope] [main] o.s.b.w.embedded.tomcat.TomcatWebServer  : Tomcat initialized with port 8081 (http)
2025-08-07T11:49:13.719+02:00  INFO 10004 --- [cosechaencope] [main] o.apache.catalina.core.StandardService   : Starting service [Tomcat]
2025-08-07T11:49:13.720+02:00  INFO 10004 --- [cosechaencope] [main] o.apache.catalina.core.StandardEngine    : Starting Servlet engine: [Apache Tomcat/10.1.42]
2025-08-07T11:49:13.798+02:00  INFO 10004 --- [cosechaencope] [main] o.a.c.c.C.[Tomcat].[localhost].[/]       : Initializing Spring embedded WebApplicationContext
2025-08-07T11:49:13.799+02:00  INFO 10004 --- [cosechaencope] [main] w.s.c.ServletWebServerApplicationContext : Root WebApplicationContext: initialization completed in 1647 ms
2025-08-07T11:49:14.045+02:00  INFO 10004 --- [cosechaencope] [main] o.hibernate.jpa.internal.util.LogHelper  : HHH000204: Processing PersistenceUnitInfo [name: default]
2025-08-07T11:49:14.106+02:00  INFO 10004 --- [cosechaencope] [main] org.hibernate.Version                    : HHH000412: Hibernate ORM core version 6.6.18.Final
2025-08-07T11:49:14.139+02:00  INFO 10004 --- [cosechaencope] [main] o.h.c.internal.RegionFactoryInitiator    : HHH000026: Second-level cache disabled
2025-08-07T11:49:14.435+02:00  INFO 10004 --- [cosechaencope] [main] o.s.o.j.p.SpringPersistenceUnitInfo      : No LoadTimeWeaver setup: ignoring JPA class transformer
2025-08-07T11:49:14.463+02:00  INFO 10004 --- [cosechaencope] [main] com.zaxxer.hikari.HikariDataSource       : HikariPool-1 - Starting...
2025-08-07T11:49:14.614+02:00  INFO 10004 --- [cosechaencope] [main] com.zaxxer.hikari.pool.HikariPool        : HikariPool-1 - Added connection org.postgresql.jdbc.PgConnection@34e07e65
2025-08-07T11:49:14.616+02:00  INFO 10004 --- [cosechaencope] [main] com.zaxxer.hikari.HikariDataSource       : HikariPool-1 - Start completed.
2025-08-07T11:49:14.669+02:00  WARN 10004 --- [cosechaencope] [main] org.hibernate.orm.deprecation            : HHH90000025: PostgreSQLDialect does not need to be specified explicitly using 'hibernate.dialect' (remove the property setting and it will be selected by default)
2025-08-07T11:49:14.690+02:00  INFO 10004 --- [cosechaencope] [main] org.hibernate.orm.connections.pooling    : HHH10001005: Database info:
	Database JDBC URL [Connecting through datasource 'HikariDataSource (HikariPool-1)']
	Database driver: undefined/unknown
	Database version: 17.2
	Autocommit mode: undefined/unknown
	Isolation level: undefined/unknown
	Minimum pool size: undefined/unknown
	Maximum pool size: undefined/unknown
2025-08-07T11:49:15.512+02:00  INFO 10004 --- [cosechaencope] [main] o.h.e.t.j.p.i.JtaPlatformInitiator       : HHH000489: No JTA platform available (set 'hibernate.transaction.jta.platform' to enable JTA platform integration)
2025-08-07T11:49:16.152+02:00  INFO 10004 --- [cosechaencope] [main] j.LocalContainerEntityManagerFactoryBean : Initialized JPA EntityManagerFactory for persistence unit 'default'
2025-08-07T11:49:16.458+02:00 DEBUG 10004 --- [cosechaencope] [main] o.s.w.f.ServerHttpObservationFilter      : Filter 'webMvcObservationFilter' configured for use
2025-08-07T11:49:16.603+02:00  INFO 10004 --- [cosechaencope] [main] eAuthenticationProviderManagerConfigurer : Global AuthenticationManager configured with AuthenticationProvider bean with name authenticationProvider
2025-08-07T11:49:16.605+02:00  WARN 10004 --- [cosechaencope] [main] r$InitializeUserDetailsManagerConfigurer : Global AuthenticationManager configured with an AuthenticationProvider bean. UserDetailsService beans will not be used by Spring Security for automatically configuring username/password login. Consider removing the AuthenticationProvider bean. Alternatively, consider using the UserDetailsService in a manually instantiated DaoAuthenticationProvider. If the current configuration is intentional, to turn off this warning, increase the logging level of 'org.springframework.security.config.annotation.authentication.configuration.InitializeUserDetailsBeanManagerConfigurer' to ERROR
2025-08-07T11:49:16.879+02:00  INFO 10004 --- [cosechaencope] [main] o.s.d.j.r.query.QueryEnhancerFactory     : Hibernate is in classpath; If applicable, HQL parser will be used.
2025-08-07T11:49:17.567+02:00  WARN 10004 --- [cosechaencope] [main] JpaBaseConfiguration$JpaWebConfiguration : spring.jpa.open-in-view is enabled by default. Therefore, database queries may be performed during view rendering. Explicitly configure spring.jpa.open-in-view to disable this warning
2025-08-07T11:49:17.715+02:00 DEBUG 10004 --- [cosechaencope] [main] s.w.s.m.m.a.RequestMappingHandlerMapping : 38 mappings in 'requestMappingHandlerMapping'
2025-08-07T11:49:17.823+02:00 DEBUG 10004 --- [cosechaencope] [main] o.s.w.s.handler.SimpleUrlHandlerMapping  : Patterns [/webjars/**, /**, /swagger-ui*/*swagger-initializer.js, /swagger-ui*/**] in 'resourceHandlerMapping'
2025-08-07T11:49:17.972+02:00  INFO 10004 --- [cosechaencope] [main] o.s.b.a.e.web.EndpointLinksResolver      : Exposing 3 endpoints beneath base path '/actuator'
2025-08-07T11:49:18.042+02:00  INFO 10004 --- [cosechaencope] [main] c.r.cosechaencope.config.SecurityConfig  : Configurando seguridad HTTP
2025-08-07T11:49:18.071+02:00  WARN 10004 --- [cosechaencope] [main] thorizationManagerRequestMatcherRegistry : One of the patterns in [cosechaencope/**] is missing a leading slash. This is discouraged; please include the leading slash in all your request matcher patterns. In future versions of Spring Security, leaving out the leading slash will result in an exception.
2025-08-07T11:49:18.074+02:00  INFO 10004 --- [cosechaencope] [main] c.r.cosechaencope.config.SecurityConfig  : Configuración de seguridad HTTP completada
2025-08-07T11:49:18.096+02:00 DEBUG 10004 --- [cosechaencope] [main] o.s.s.web.DefaultSecurityFilterChain     : Will secure any request with filters: DisableEncodeUrlFilter, WebAsyncManagerIntegrationFilter, SecurityContextHolderFilter, HeaderWriterFilter, CorsFilter, LogoutFilter, AuthTokenFilter, RequestCacheAwareFilter, SecurityContextHolderAwareRequestFilter, AnonymousAuthenticationFilter, SessionManagementFilter, ExceptionTranslationFilter, AuthorizationFilter
2025-08-07T11:49:18.158+02:00 DEBUG 10004 --- [cosechaencope] [main] s.w.s.m.m.a.RequestMappingHandlerAdapter : ControllerAdvice beans: 0 @ModelAttribute, 0 @InitBinder, 1 RequestBodyAdvice, 1 ResponseBodyAdvice
2025-08-07T11:49:18.192+02:00 DEBUG 10004 --- [cosechaencope] [main] .m.m.a.ExceptionHandlerExceptionResolver : ControllerAdvice beans: 2 @ExceptionHandler, 1 ResponseBodyAdvice
2025-08-07T11:49:18.417+02:00  INFO 10004 --- [cosechaencope] [main] o.s.b.w.embedded.tomcat.TomcatWebServer  : Tomcat started on port 8081 (http) with context path '/'
2025-08-07T11:49:18.433+02:00  INFO 10004 --- [cosechaencope] [main] c.r.c.CosechaencopeApplication           : Started CosechaencopeApplication in 6.696 seconds (process running for 7.084)
2025-08-07T11:49:21.160+02:00  INFO 10004 --- [cosechaencope] [RMI TCP Connection(2)-127.0.0.1] o.a.c.c.C.[Tomcat].[localhost].[/]       : Initializing Spring DispatcherServlet 'dispatcherServlet'
2025-08-07T11:49:21.160+02:00  INFO 10004 --- [cosechaencope] [RMI TCP Connection(2)-127.0.0.1] o.s.web.servlet.DispatcherServlet        : Initializing Servlet 'dispatcherServlet'
2025-08-07T11:49:21.161+02:00 DEBUG 10004 --- [cosechaencope] [RMI TCP Connection(2)-127.0.0.1] o.s.web.servlet.DispatcherServlet        : Detected StandardServletMultipartResolver
2025-08-07T11:49:21.161+02:00 DEBUG 10004 --- [cosechaencope] [RMI TCP Connection(2)-127.0.0.1] o.s.web.servlet.DispatcherServlet        : Detected AcceptHeaderLocaleResolver
2025-08-07T11:49:21.161+02:00 DEBUG 10004 --- [cosechaencope] [RMI TCP Connection(2)-127.0.0.1] o.s.web.servlet.DispatcherServlet        : Detected FixedThemeResolver
2025-08-07T11:49:21.163+02:00 DEBUG 10004 --- [cosechaencope] [RMI TCP Connection(2)-127.0.0.1] o.s.web.servlet.DispatcherServlet        : Detected org.springframework.web.servlet.view.DefaultRequestToViewNameTranslator@8814bb5
2025-08-07T11:49:21.163+02:00 DEBUG 10004 --- [cosechaencope] [RMI TCP Connection(2)-127.0.0.1] o.s.web.servlet.DispatcherServlet        : Detected org.springframework.web.servlet.support.SessionFlashMapManager@4f6d3889
2025-08-07T11:49:21.163+02:00 DEBUG 10004 --- [cosechaencope] [RMI TCP Connection(2)-127.0.0.1] o.s.web.servlet.DispatcherServlet        : enableLoggingRequestDetails='false': request parameters and headers will be masked to prevent unsafe logging of potentially sensitive data
2025-08-07T11:49:21.164+02:00  INFO 10004 --- [cosechaencope] [RMI TCP Connection(2)-127.0.0.1] o.s.web.servlet.DispatcherServlet        : Completed initialization in 3 ms
2025-08-07T11:54:35.317+02:00 DEBUG 10004 --- [cosechaencope] [http-nio-8081-exec-1] o.s.security.web.FilterChainProxy        : Securing GET /cosechaencope/articulos
2025-08-07T11:54:35.325+02:00 DEBUG 10004 --- [cosechaencope] [http-nio-8081-exec-1] o.s.s.w.a.AnonymousAuthenticationFilter  : Set SecurityContextHolder to anonymous SecurityContext
2025-08-07T11:54:35.330+02:00 DEBUG 10004 --- [cosechaencope] [http-nio-8081-exec-1] o.s.security.web.FilterChainProxy        : Secured GET /cosechaencope/articulos
2025-08-07T11:54:35.332+02:00 DEBUG 10004 --- [cosechaencope] [http-nio-8081-exec-1] o.s.web.servlet.DispatcherServlet        : GET "/cosechaencope/articulos", parameters={}
2025-08-07T11:54:35.334+02:00 DEBUG 10004 --- [cosechaencope] [http-nio-8081-exec-1] s.w.s.m.m.a.RequestMappingHandlerMapping : Mapped to com.rlp.cosechaencope.controller.ArticuloController#obtenerTodosLosArticulos()
2025-08-07T11:54:35.343+02:00  INFO 10004 --- [cosechaencope] [http-nio-8081-exec-1] c.r.c.service.ArticuloService            : Obteniendo todos los artículos
2025-08-07T11:54:35.393+02:00 DEBUG 10004 --- [cosechaencope] [http-nio-8081-exec-1] o.s.w.s.m.m.a.HttpEntityMethodProcessor  : Using 'application/json;q=0.8', given [text/html, application/xhtml+xml, image/avif, image/webp, image/apng, application/xml;q=0.9, */*;q=0.8] and supported [application/json, application/*+json, application/yaml]
2025-08-07T11:54:35.397+02:00 DEBUG 10004 --- [cosechaencope] [http-nio-8081-exec-1] o.s.w.s.m.m.a.HttpEntityMethodProcessor  : Writing [[ArticuloResponse(idArticulo=1, nombre=Tomate Orgánico, descripcion=Tomate cultivado sin pesticidas  (truncated)...]
2025-08-07T11:54:35.410+02:00 DEBUG 10004 --- [cosechaencope] [http-nio-8081-exec-1] o.s.web.servlet.DispatcherServlet        : Completed 200 OK
2025-08-07T11:54:35.605+02:00 DEBUG 10004 --- [cosechaencope] [http-nio-8081-exec-3] o.s.security.web.FilterChainProxy        : Securing GET /favicon.ico
2025-08-07T11:54:35.606+02:00 DEBUG 10004 --- [cosechaencope] [http-nio-8081-exec-3] o.s.s.w.a.AnonymousAuthenticationFilter  : Set SecurityContextHolder to anonymous SecurityContext
2025-08-07T11:54:35.611+02:00 ERROR 10004 --- [cosechaencope] [http-nio-8081-exec-3] c.r.c.security.AuthEntryPointJwt         : Error no autorizado: Full authentication is required to access this resource
2025-08-07T11:54:35.616+02:00 DEBUG 10004 --- [cosechaencope] [http-nio-8081-exec-3] o.s.security.web.FilterChainProxy        : Securing GET /error
2025-08-07T11:54:35.618+02:00 DEBUG 10004 --- [cosechaencope] [http-nio-8081-exec-3] o.s.s.w.a.AnonymousAuthenticationFilter  : Set SecurityContextHolder to anonymous SecurityContext
2025-08-07T11:54:35.618+02:00 ERROR 10004 --- [cosechaencope] [http-nio-8081-exec-3] c.r.c.security.AuthEntryPointJwt         : Error no autorizado: Full authentication is required to access this resource
2025-08-07T11:58:57.040+02:00 DEBUG 10004 --- [cosechaencope] [http-nio-8081-exec-2] o.s.security.web.FilterChainProxy        : Securing GET /cosechaencope/articulos
2025-08-07T11:58:57.041+02:00 DEBUG 10004 --- [cosechaencope] [http-nio-8081-exec-2] o.s.s.w.a.AnonymousAuthenticationFilter  : Set SecurityContextHolder to anonymous SecurityContext
2025-08-07T11:58:57.042+02:00 DEBUG 10004 --- [cosechaencope] [http-nio-8081-exec-2] o.s.security.web.FilterChainProxy        : Secured GET /cosechaencope/articulos
2025-08-07T11:58:57.042+02:00 DEBUG 10004 --- [cosechaencope] [http-nio-8081-exec-2] o.s.web.servlet.DispatcherServlet        : GET "/cosechaencope/articulos", parameters={}
2025-08-07T11:58:57.043+02:00 DEBUG 10004 --- [cosechaencope] [http-nio-8081-exec-2] s.w.s.m.m.a.RequestMappingHandlerMapping : Mapped to com.rlp.cosechaencope.controller.ArticuloController#obtenerTodosLosArticulos()
2025-08-07T11:58:57.044+02:00  INFO 10004 --- [cosechaencope] [http-nio-8081-exec-2] c.r.c.service.ArticuloService            : Obteniendo todos los artículos
2025-08-07T11:58:57.050+02:00 DEBUG 10004 --- [cosechaencope] [http-nio-8081-exec-2] o.s.w.s.m.m.a.HttpEntityMethodProcessor  : Using 'application/json;q=0.8', given [text/html, application/xhtml+xml, image/avif, image/webp, image/apng, application/xml;q=0.9, */*;q=0.8] and supported [application/json, application/*+json, application/yaml]
2025-08-07T11:58:57.051+02:00 DEBUG 10004 --- [cosechaencope] [http-nio-8081-exec-2] o.s.w.s.m.m.a.HttpEntityMethodProcessor  : Writing [[ArticuloResponse(idArticulo=1, nombre=Tomate Orgánico, descripcion=Tomate cultivado sin pesticidas  (truncated)...]
2025-08-07T11:58:57.052+02:00 DEBUG 10004 --- [cosechaencope] [http-nio-8081-exec-2] o.s.web.servlet.DispatcherServlet        : Completed 200 OK
2025-08-07T11:58:57.265+02:00 DEBUG 10004 --- [cosechaencope] [http-nio-8081-exec-5] o.s.security.web.FilterChainProxy        : Securing GET /favicon.ico
2025-08-07T11:58:57.267+02:00 DEBUG 10004 --- [cosechaencope] [http-nio-8081-exec-5] o.s.s.w.a.AnonymousAuthenticationFilter  : Set SecurityContextHolder to anonymous SecurityContext
2025-08-07T11:58:57.268+02:00 ERROR 10004 --- [cosechaencope] [http-nio-8081-exec-5] c.r.c.security.AuthEntryPointJwt         : Error no autorizado: Full authentication is required to access this resource
2025-08-07T11:58:57.270+02:00 DEBUG 10004 --- [cosechaencope] [http-nio-8081-exec-5] o.s.security.web.FilterChainProxy        : Securing GET /error
2025-08-07T11:58:57.272+02:00 DEBUG 10004 --- [cosechaencope] [http-nio-8081-exec-5] o.s.s.w.a.AnonymousAuthenticationFilter  : Set SecurityContextHolder to anonymous SecurityContext
2025-08-07T11:58:57.272+02:00 ERROR 10004 --- [cosechaencope] [http-nio-8081-exec-5] c.r.c.security.AuthEntryPointJwt         : Error no autorizado: Full authentication is required to access this resource
2025-08-07T12:35:18.857+02:00 DEBUG 10004 --- [cosechaencope] [http-nio-8081-exec-7] o.s.security.web.FilterChainProxy        : Securing GET /cosechaencope/articulos
2025-08-07T12:35:18.871+02:00 DEBUG 10004 --- [cosechaencope] [http-nio-8081-exec-7] o.s.s.w.a.AnonymousAuthenticationFilter  : Set SecurityContextHolder to anonymous SecurityContext
2025-08-07T12:35:18.872+02:00 DEBUG 10004 --- [cosechaencope] [http-nio-8081-exec-7] o.s.security.web.FilterChainProxy        : Secured GET /cosechaencope/articulos
2025-08-07T12:35:18.873+02:00 DEBUG 10004 --- [cosechaencope] [http-nio-8081-exec-7] o.s.web.servlet.DispatcherServlet        : GET "/cosechaencope/articulos", parameters={}
2025-08-07T12:35:18.874+02:00 DEBUG 10004 --- [cosechaencope] [http-nio-8081-exec-7] s.w.s.m.m.a.RequestMappingHandlerMapping : Mapped to com.rlp.cosechaencope.controller.ArticuloController#obtenerTodosLosArticulos()
2025-08-07T12:35:18.875+02:00  INFO 10004 --- [cosechaencope] [http-nio-8081-exec-7] c.r.c.service.ArticuloService            : Obteniendo todos los artículos
2025-08-07T12:35:18.893+02:00 DEBUG 10004 --- [cosechaencope] [http-nio-8081-exec-7] o.s.w.s.m.m.a.HttpEntityMethodProcessor  : Using 'application/json', given [application/json, text/plain, */*] and supported [application/json, application/*+json, application/yaml]
2025-08-07T12:35:18.894+02:00 DEBUG 10004 --- [cosechaencope] [http-nio-8081-exec-7] o.s.w.s.m.m.a.HttpEntityMethodProcessor  : Writing [[ArticuloResponse(idArticulo=1, nombre=Tomate Orgánico, descripcion=Tomate cultivado sin pesticidas  (truncated)...]
2025-08-07T12:35:18.895+02:00 DEBUG 10004 --- [cosechaencope] [http-nio-8081-exec-7] o.s.web.servlet.DispatcherServlet        : Completed 200 OK
2025-08-07T12:35:50.132+02:00 DEBUG 10004 --- [cosechaencope] [http-nio-8081-exec-8] o.s.security.web.FilterChainProxy        : Securing GET /cosechaencope/articulos
2025-08-07T12:35:50.135+02:00 DEBUG 10004 --- [cosechaencope] [http-nio-8081-exec-8] o.s.s.w.a.AnonymousAuthenticationFilter  : Set SecurityContextHolder to anonymous SecurityContext
2025-08-07T12:35:50.137+02:00 DEBUG 10004 --- [cosechaencope] [http-nio-8081-exec-8] o.s.security.web.FilterChainProxy        : Secured GET /cosechaencope/articulos
2025-08-07T12:35:50.137+02:00 DEBUG 10004 --- [cosechaencope] [http-nio-8081-exec-8] o.s.web.servlet.DispatcherServlet        : GET "/cosechaencope/articulos", parameters={}
2025-08-07T12:35:50.138+02:00 DEBUG 10004 --- [cosechaencope] [http-nio-8081-exec-8] s.w.s.m.m.a.RequestMappingHandlerMapping : Mapped to com.rlp.cosechaencope.controller.ArticuloController#obtenerTodosLosArticulos()
2025-08-07T12:35:50.139+02:00  INFO 10004 --- [cosechaencope] [http-nio-8081-exec-8] c.r.c.service.ArticuloService            : Obteniendo todos los artículos
2025-08-07T12:35:50.146+02:00 DEBUG 10004 --- [cosechaencope] [http-nio-8081-exec-8] o.s.w.s.m.m.a.HttpEntityMethodProcessor  : Using 'application/json', given [application/json, text/plain, */*] and supported [application/json, application/*+json, application/yaml]
2025-08-07T12:35:50.147+02:00 DEBUG 10004 --- [cosechaencope] [http-nio-8081-exec-8] o.s.w.s.m.m.a.HttpEntityMethodProcessor  : Writing [[ArticuloResponse(idArticulo=1, nombre=Tomate Orgánico, descripcion=Tomate cultivado sin pesticidas  (truncated)...]
2025-08-07T12:35:50.151+02:00 DEBUG 10004 --- [cosechaencope] [http-nio-8081-exec-8] o.s.web.servlet.DispatcherServlet        : Completed 200 OK
2025-08-07T12:36:07.972+02:00 DEBUG 10004 --- [cosechaencope] [http-nio-8081-exec-9] o.s.security.web.FilterChainProxy        : Securing GET /cosechaencope/articulos
2025-08-07T12:36:07.973+02:00 DEBUG 10004 --- [cosechaencope] [http-nio-8081-exec-9] o.s.s.w.a.AnonymousAuthenticationFilter  : Set SecurityContextHolder to anonymous SecurityContext
2025-08-07T12:36:07.973+02:00 DEBUG 10004 --- [cosechaencope] [http-nio-8081-exec-9] o.s.security.web.FilterChainProxy        : Secured GET /cosechaencope/articulos
2025-08-07T12:36:07.973+02:00 DEBUG 10004 --- [cosechaencope] [http-nio-8081-exec-9] o.s.web.servlet.DispatcherServlet        : GET "/cosechaencope/articulos", parameters={}
2025-08-07T12:36:07.974+02:00 DEBUG 10004 --- [cosechaencope] [http-nio-8081-exec-9] s.w.s.m.m.a.RequestMappingHandlerMapping : Mapped to com.rlp.cosechaencope.controller.ArticuloController#obtenerTodosLosArticulos()
2025-08-07T12:36:07.974+02:00  INFO 10004 --- [cosechaencope] [http-nio-8081-exec-9] c.r.c.service.ArticuloService            : Obteniendo todos los artículos
2025-08-07T12:36:07.979+02:00 DEBUG 10004 --- [cosechaencope] [http-nio-8081-exec-9] o.s.w.s.m.m.a.HttpEntityMethodProcessor  : Using 'application/json', given [application/json, text/plain, */*] and supported [application/json, application/*+json, application/yaml]
2025-08-07T12:36:07.980+02:00 DEBUG 10004 --- [cosechaencope] [http-nio-8081-exec-9] o.s.w.s.m.m.a.HttpEntityMethodProcessor  : Writing [[ArticuloResponse(idArticulo=1, nombre=Tomate Orgánico, descripcion=Tomate cultivado sin pesticidas  (truncated)...]
2025-08-07T12:36:07.981+02:00 DEBUG 10004 --- [cosechaencope] [http-nio-8081-exec-9] o.s.web.servlet.DispatcherServlet        : Completed 200 OK
2025-08-07T12:37:31.270+02:00 DEBUG 10004 --- [cosechaencope] [http-nio-8081-exec-3] o.s.security.web.FilterChainProxy        : Securing GET /cosechaencope/articulos
2025-08-07T12:37:31.272+02:00 DEBUG 10004 --- [cosechaencope] [http-nio-8081-exec-3] o.s.s.w.a.AnonymousAuthenticationFilter  : Set SecurityContextHolder to anonymous SecurityContext
2025-08-07T12:37:31.273+02:00 DEBUG 10004 --- [cosechaencope] [http-nio-8081-exec-3] o.s.security.web.FilterChainProxy        : Secured GET /cosechaencope/articulos
2025-08-07T12:37:31.274+02:00 DEBUG 10004 --- [cosechaencope] [http-nio-8081-exec-3] o.s.web.servlet.DispatcherServlet        : GET "/cosechaencope/articulos", parameters={}
2025-08-07T12:37:31.274+02:00 DEBUG 10004 --- [cosechaencope] [http-nio-8081-exec-3] s.w.s.m.m.a.RequestMappingHandlerMapping : Mapped to com.rlp.cosechaencope.controller.ArticuloController#obtenerTodosLosArticulos()
2025-08-07T12:37:31.275+02:00  INFO 10004 --- [cosechaencope] [http-nio-8081-exec-3] c.r.c.service.ArticuloService            : Obteniendo todos los artículos
2025-08-07T12:37:31.284+02:00 DEBUG 10004 --- [cosechaencope] [http-nio-8081-exec-3] o.s.w.s.m.m.a.HttpEntityMethodProcessor  : Using 'application/json', given [application/json, text/plain, */*] and supported [application/json, application/*+json, application/yaml]
2025-08-07T12:37:31.285+02:00 DEBUG 10004 --- [cosechaencope] [http-nio-8081-exec-3] o.s.w.s.m.m.a.HttpEntityMethodProcessor  : Writing [[ArticuloResponse(idArticulo=1, nombre=Tomate Orgánico, descripcion=Tomate cultivado sin pesticidas  (truncated)...]
2025-08-07T12:37:31.287+02:00 DEBUG 10004 --- [cosechaencope] [http-nio-8081-exec-3] o.s.web.servlet.DispatcherServlet        : Completed 200 OK
2025-08-07T12:37:31.331+02:00 DEBUG 10004 --- [cosechaencope] [http-nio-8081-exec-4] o.s.security.web.FilterChainProxy        : Securing GET /cosechaencope/articulos
2025-08-07T12:37:31.332+02:00 DEBUG 10004 --- [cosechaencope] [http-nio-8081-exec-4] o.s.s.w.a.AnonymousAuthenticationFilter  : Set SecurityContextHolder to anonymous SecurityContext
2025-08-07T12:37:31.333+02:00 DEBUG 10004 --- [cosechaencope] [http-nio-8081-exec-4] o.s.security.web.FilterChainProxy        : Secured GET /cosechaencope/articulos
2025-08-07T12:37:31.334+02:00 DEBUG 10004 --- [cosechaencope] [http-nio-8081-exec-4] o.s.web.servlet.DispatcherServlet        : GET "/cosechaencope/articulos", parameters={}
2025-08-07T12:37:31.334+02:00 DEBUG 10004 --- [cosechaencope] [http-nio-8081-exec-4] s.w.s.m.m.a.RequestMappingHandlerMapping : Mapped to com.rlp.cosechaencope.controller.ArticuloController#obtenerTodosLosArticulos()
2025-08-07T12:37:31.335+02:00  INFO 10004 --- [cosechaencope] [http-nio-8081-exec-4] c.r.c.service.ArticuloService            : Obteniendo todos los artículos
2025-08-07T12:37:31.341+02:00 DEBUG 10004 --- [cosechaencope] [http-nio-8081-exec-4] o.s.w.s.m.m.a.HttpEntityMethodProcessor  : Using 'application/json', given [application/json, text/plain, */*] and supported [application/json, application/*+json, application/yaml]
2025-08-07T12:37:31.341+02:00 DEBUG 10004 --- [cosechaencope] [http-nio-8081-exec-4] o.s.w.s.m.m.a.HttpEntityMethodProcessor  : Writing [[ArticuloResponse(idArticulo=1, nombre=Tomate Orgánico, descripcion=Tomate cultivado sin pesticidas  (truncated)...]
2025-08-07T12:37:31.343+02:00 DEBUG 10004 --- [cosechaencope] [http-nio-8081-exec-4] o.s.web.servlet.DispatcherServlet        : Completed 200 OK
2025-08-07T12:37:36.437+02:00 DEBUG 10004 --- [cosechaencope] [http-nio-8081-exec-2] o.s.security.web.FilterChainProxy        : Securing GET /cosechaencope/articulos
2025-08-07T12:37:36.438+02:00 DEBUG 10004 --- [cosechaencope] [http-nio-8081-exec-2] o.s.s.w.a.AnonymousAuthenticationFilter  : Set SecurityContextHolder to anonymous SecurityContext
2025-08-07T12:37:36.439+02:00 DEBUG 10004 --- [cosechaencope] [http-nio-8081-exec-2] o.s.security.web.FilterChainProxy        : Secured GET /cosechaencope/articulos
2025-08-07T12:37:36.439+02:00 DEBUG 10004 --- [cosechaencope] [http-nio-8081-exec-2] o.s.web.servlet.DispatcherServlet        : GET "/cosechaencope/articulos", parameters={}
2025-08-07T12:37:36.439+02:00 DEBUG 10004 --- [cosechaencope] [http-nio-8081-exec-2] s.w.s.m.m.a.RequestMappingHandlerMapping : Mapped to com.rlp.cosechaencope.controller.ArticuloController#obtenerTodosLosArticulos()
2025-08-07T12:37:36.440+02:00  INFO 10004 --- [cosechaencope] [http-nio-8081-exec-2] c.r.c.service.ArticuloService            : Obteniendo todos los artículos
2025-08-07T12:37:36.445+02:00 DEBUG 10004 --- [cosechaencope] [http-nio-8081-exec-2] o.s.w.s.m.m.a.HttpEntityMethodProcessor  : Using 'application/json', given [application/json, text/plain, */*] and supported [application/json, application/*+json, application/yaml]
2025-08-07T12:37:36.446+02:00 DEBUG 10004 --- [cosechaencope] [http-nio-8081-exec-2] o.s.w.s.m.m.a.HttpEntityMethodProcessor  : Writing [[ArticuloResponse(idArticulo=1, nombre=Tomate Orgánico, descripcion=Tomate cultivado sin pesticidas  (truncated)...]
2025-08-07T12:37:36.448+02:00 DEBUG 10004 --- [cosechaencope] [http-nio-8081-exec-2] o.s.web.servlet.DispatcherServlet        : Completed 200 OK
